app/build/intermediates/manifest_merge_blame_file/debug/manifest-merger-blame-debug-report.txt
1<?xml version="1.0" encoding="utf-8"?>
2<!--
3  ~ Copyright 2017 Google Inc.
4  ~
5  ~ Licensed under the Apache License, Version 2.0 (the "License");
6  ~ you may not use this file except in compliance with the License.
7  ~ You may obtain a copy of the License at
8  ~
9  ~      http://www.apache.org/licenses/LICENSE-2.0
10  ~
11  ~ Unless required by applicable law or agreed to in writing, software
12  ~ distributed under the License is distributed on an "AS IS" BASIS,
13  ~ WITHOUT WARRANTIES OR CONDITIONS OF ANY KIND, either express or implied.
14  ~ See the License for the specific language governing permissions and
15  ~ limitations under the License.
16-->
17<manifest xmlns:android="http://schemas.android.com/apk/res/android"
18    xmlns:dist="http://schemas.android.com/apk/distribution"
19    package="com.instantappsample.storage"
20    android:versionCode="1"
21    android:versionName="1.0" >
22
23    <uses-sdk
24        android:minSdkVersion="18"
24-->src/main/AndroidManifest.xml
25        android:targetSdkVersion="29" />
25-->src/main/AndroidManifest.xml
26
27    <dist:module dist:instant="true" />
27-->src/main/AndroidManifest.xml:21:5-40
27-->src/main/AndroidManifest.xml:21:18-37
28
29    <application
29-->src/main/AndroidManifest.xml:22:5-55:19
30        android:allowBackup="true"
30-->src/main/AndroidManifest.xml:23:9-35
31        android:appComponentFactory="androidx.core.app.CoreComponentFactory"
31-->[androidx.core:core:1.0.0] AndroidManifest.xml:22:18-86
32        android:debuggable="true"
33        android:label="@string/app_name"
33-->src/main/AndroidManifest.xml:24:9-41
34        android:supportsRtl="true"
34-->src/main/AndroidManifest.xml:25:9-35
35        android:testOnly="true" >
36        <activity
36-->src/main/AndroidManifest.xml:26:9-54:20
37            android:name="com.instantappsample.storage.StorageApiActivity"
37-->src/main/AndroidManifest.xml:27:13-47
38            android:label="@string/title_activity_store"
38-->src/main/AndroidManifest.xml:28:13-57
39            android:theme="@style/AppTheme" >
39-->src/main/AndroidManifest.xml:29:13-44
40            <intent-filter android:label="@string/app_name" >
40-->src/main/AndroidManifest.xml:31:13-34:29
40-->src/main/AndroidManifest.xml:31:28-60
41                <action android:name="android.intent.action.MAIN" />
41-->src/main/AndroidManifest.xml:32:17-69
41-->src/main/AndroidManifest.xml:32:25-66
42
43                <category android:name="android.intent.category.LAUNCHER" />
43-->src/main/AndroidManifest.xml:33:17-77
43-->src/main/AndroidManifest.xml:33:27-74
44            </intent-filter>
45            <intent-filter
45-->src/main/AndroidManifest.xml:36:13-48:29
46                android:autoVerify="true"
46-->src/main/AndroidManifest.xml:37:17-42
47                android:order="2" >
47-->src/main/AndroidManifest.xml:38:17-34
48                <action android:name="android.intent.action.VIEW" />
48-->src/main/AndroidManifest.xml:39:17-69
48-->src/main/AndroidManifest.xml:39:25-66
49
50                <category android:name="android.intent.category.BROWSABLE" />
50-->src/main/AndroidManifest.xml:41:17-78
50-->src/main/AndroidManifest.xml:41:27-75
51                <category android:name="android.intent.category.DEFAULT" />
51-->src/main/AndroidManifest.xml:42:17-76
51-->src/main/AndroidManifest.xml:42:27-73
52
53                <data android:scheme="https" />
53-->src/main/AndroidManifest.xml:44:17-48
53-->src/main/AndroidManifest.xml:44:23-45
54                <data android:scheme="http" />
54-->src/main/AndroidManifest.xml:44:17-48
54-->src/main/AndroidManifest.xml:44:23-45
55                <data android:path="/" />
55-->src/main/AndroidManifest.xml:44:17-48
55-->src/main/AndroidManifest.xml:46:23-39
56                <data android:host="storage-api.instantappsample.com" />
56-->src/main/AndroidManifest.xml:44:17-48
56-->src/main/AndroidManifest.xml:47:23-70
57            </intent-filter>
58
59            <meta-data
59-->src/main/AndroidManifest.xml:50:13-52:77
60                android:name="default-url"
60-->src/main/AndroidManifest.xml:51:17-43
61                android:value="https://storage-api.instantappsample.com/" />
61-->src/main/AndroidManifest.xml:52:17-74
62        </activity>
63        <activity
63-->[com.google.android.gms:play-services-base:16.0.1] AndroidManifest.xml:23:9-26:75
64            android:name="com.google.android.gms.common.api.GoogleApiActivity"
64-->[com.google.android.gms:play-services-base:16.0.1] AndroidManifest.xml:24:13-79
65            android:exported="false"
65-->[com.google.android.gms:play-services-base:16.0.1] AndroidManifest.xml:25:13-37
66            android:theme="@android:style/Theme.Translucent.NoTitleBar" />
66-->[com.google.android.gms:play-services-base:16.0.1] AndroidManifest.xml:26:13-72
67
68        <meta-data
68-->[com.google.android.gms:play-services-basement:16.0.1] AndroidManifest.xml:23:9-25:69
69            android:name="com.google.android.gms.version"
69-->[com.google.android.gms:play-services-basement:16.0.1] AndroidManifest.xml:24:13-58
70            android:value="@integer/google_play_services_version" />
70-->[com.google.android.gms:play-services-basement:16.0.1] AndroidManifest.xml:25:13-66
71    </application>
72
73</manifest>